Determining if the pthread_create exist failed with the following output:
Change Dir: /home/fetch/robotics2019_project_liferrobot/catkin_indigo_ws/build/CMakeFiles/CMakeTmp

Run Build Command:"/usr/bin/make" "cmTryCompileExec1610917448/fast"
/usr/bin/make -f CMakeFiles/cmTryCompileExec1610917448.dir/build.make CMakeFiles/cmTryCompileExec1610917448.dir/build
make[1]: Entering directory `/home/fetch/robotics2019_project_liferrobot/catkin_indigo_ws/build/CMakeFiles/CMakeTmp'
/usr/bin/cmake -E cmake_progress_report /home/fetch/robotics2019_project_liferrobot/catkin_indigo_ws/build/CMakeFiles/CMakeTmp/CMakeFiles 1
Building C object CMakeFiles/cmTryCompileExec1610917448.dir/CheckSymbolExists.c.o
/usr/bin/cc    -o CMakeFiles/cmTryCompileExec1610917448.dir/CheckSymbolExists.c.o   -c /home/fetch/robotics2019_project_liferrobot/catkin_indigo_ws/build/CMakeFiles/CMakeTmp/CheckSymbolExists.c
Linking C executable cmTryCompileExec1610917448
/usr/bin/cmake -E cmake_link_script CMakeFiles/cmTryCompileExec1610917448.dir/link.txt --verbose=1
/usr/bin/cc       CMakeFiles/cmTryCompileExec1610917448.dir/CheckSymbolExists.c.o  -o cmTryCompileExec1610917448 -rdynamic 
CMakeFiles/cmTryCompileExec1610917448.dir/CheckSymbolExists.c.o: In function `main':
CheckSymbolExists.c:(.text+0x16): undefined reference to `pthread_create'
collect2: error: ld returned 1 exit status
make[1]: *** [cmTryCompileExec1610917448] Error 1
make[1]: Leaving directory `/home/fetch/robotics2019_project_liferrobot/catkin_indigo_ws/build/CMakeFiles/CMakeTmp'
make: *** [cmTryCompileExec1610917448/fast] Error 2

File /home/fetch/robotics2019_project_liferrobot/catkin_indigo_ws/build/CMakeFiles/CMakeTmp/CheckSymbolExists.c:
/* */
#include <pthread.h>

int main(int argc, char** argv)
{
  (void)argv;
#ifndef pthread_create
  return ((int*)(&pthread_create))[argc];
#else
  (void)argc;
  return 0;
#endif
}

Determining if the function pthread_create exists in the pthreads failed with the following output:
Change Dir: /home/fetch/robotics2019_project_liferrobot/catkin_indigo_ws/build/CMakeFiles/CMakeTmp

Run Build Command:"/usr/bin/make" "cmTryCompileExec3456628886/fast"
/usr/bin/make -f CMakeFiles/cmTryCompileExec3456628886.dir/build.make CMakeFiles/cmTryCompileExec3456628886.dir/build
make[1]: Entering directory `/home/fetch/robotics2019_project_liferrobot/catkin_indigo_ws/build/CMakeFiles/CMakeTmp'
/usr/bin/cmake -E cmake_progress_report /home/fetch/robotics2019_project_liferrobot/catkin_indigo_ws/build/CMakeFiles/CMakeTmp/CMakeFiles 1
Building C object CMakeFiles/cmTryCompileExec3456628886.dir/CheckFunctionExists.c.o
/usr/bin/cc   -DCHECK_FUNCTION_EXISTS=pthread_create   -o CMakeFiles/cmTryCompileExec3456628886.dir/CheckFunctionExists.c.o   -c /usr/share/cmake-3.2/Modules/CheckFunctionExists.c
Linking C executable cmTryCompileExec3456628886
/usr/bin/cmake -E cmake_link_script CMakeFiles/cmTryCompileExec3456628886.dir/link.txt --verbose=1
/usr/bin/cc   -DCHECK_FUNCTION_EXISTS=pthread_create    CMakeFiles/cmTryCompileExec3456628886.dir/CheckFunctionExists.c.o  -o cmTryCompileExec3456628886 -rdynamic -lpthreads 
/usr/bin/ld: cannot find -lpthreads
collect2: error: ld returned 1 exit status
make[1]: *** [cmTryCompileExec3456628886] Error 1
make[1]: Leaving directory `/home/fetch/robotics2019_project_liferrobot/catkin_indigo_ws/build/CMakeFiles/CMakeTmp'
make: *** [cmTryCompileExec3456628886/fast] Error 2


Performing C SOURCE FILE Test CMAKE_HAVE_LIBC_PTHREAD failed with the following output:
Change Dir: /home/fetch/robotics2019_project_liferrobot/catkin_indigo_ws/build/CMakeFiles/CMakeTmp

Run Build Command(s):/usr/bin/make cmTC_45fcd/fast && /usr/bin/make -f CMakeFiles/cmTC_45fcd.dir/build.make CMakeFiles/cmTC_45fcd.dir/build
make[1]: Entering directory `/home/fetch/robotics2019_project_liferrobot/catkin_indigo_ws/build/CMakeFiles/CMakeTmp'
Building C object CMakeFiles/cmTC_45fcd.dir/src.c.o
/usr/bin/cc   -DCMAKE_HAVE_LIBC_PTHREAD   -o CMakeFiles/cmTC_45fcd.dir/src.c.o   -c /home/fetch/robotics2019_project_liferrobot/catkin_indigo_ws/build/CMakeFiles/CMakeTmp/src.c
Linking C executable cmTC_45fcd
/home/fetch/clion-2019.2.4/bin/cmake/linux/bin/cmake -E cmake_link_script CMakeFiles/cmTC_45fcd.dir/link.txt --verbose=1
/usr/bin/cc  -DCMAKE_HAVE_LIBC_PTHREAD    -rdynamic CMakeFiles/cmTC_45fcd.dir/src.c.o  -o cmTC_45fcd 
CMakeFiles/cmTC_45fcd.dir/src.c.o: In function `main':
src.c:(.text+0x2d): undefined reference to `pthread_create'
src.c:(.text+0x39): undefined reference to `pthread_detach'
src.c:(.text+0x4a): undefined reference to `pthread_join'
src.c:(.text+0x5e): undefined reference to `pthread_atfork'
collect2: error: ld returned 1 exit status
make[1]: *** [cmTC_45fcd] Error 1
make[1]: Leaving directory `/home/fetch/robotics2019_project_liferrobot/catkin_indigo_ws/build/CMakeFiles/CMakeTmp'
make: *** [cmTC_45fcd/fast] Error 2


Source file was:
#include <pthread.h>

void* test_func(void* data)
{
  return data;
}

int main(void)
{
  pthread_t thread;
  pthread_create(&thread, NULL, test_func, NULL);
  pthread_detach(thread);
  pthread_join(thread, NULL);
  pthread_atfork(NULL, NULL, NULL);
  pthread_exit(NULL);

  return 0;
}

